# JRE version: Java(TM) SE Runtime Environment (17.0.6+9) (build 17.0.6+9-LTS-190)
# Java VM: Java HotSpot(TM) 64-Bit Server VM (17.0.6+9-LTS-190, mixed mode, sharing, tiered, compressed oops, compressed class ptrs, g1 gc, windows-amd64)
GC Precious Log:
 CPUs: 8 total, 8 available
 Memory: 12026M
 Large Page Support: Disabled
 NUMA Support: Disabled
 Compressed Oops: Enabled (Zero based)
 Heap Region Size: 2M
 Heap Min Capacity: 8M
 Heap Initial Capacity: 188M
 Heap Max Capacity: 3008M
 Pre-touch: Disabled
 Parallel Workers: 8
 Concurrent Workers: 2
 Concurrent Refinement Workers: 8
 Periodic GC: Disabled
Heap:
 garbage-first heap   total 493568K, used 17348K [0x0000000744000000, 0x0000000800000000)
  region size 2048K, 4 young (8192K), 4 survivors (8192K)
 Metaspace       used 11446K, committed 11648K, reserved 1064960K
  class space    used 1531K, committed 1664K, reserved 1048576K
GC Heap History (20 events):
Event: 8.820 GC heap after
{Heap after GC invocations=3 (full 0):
 garbage-first heap   total 192512K, used 16093K [0x0000000744000000, 0x0000000800000000)
  region size 2048K, 3 young (6144K), 3 survivors (6144K)
 Metaspace       used 11443K, committed 11648K, reserved 1064960K
  class space    used 1531K, committed 1664K, reserved 1048576K
}
Event: 9.890 GC heap before
{Heap before GC invocations=3 (full 0):
 garbage-first heap   total 192512K, used 122589K [0x0000000744000000, 0x0000000800000000)
  region size 2048K, 56 young (114688K), 3 survivors (6144K)
 Metaspace       used 11446K, committed 11648K, reserved 1064960K
  class space    used 1531K, committed 1664K, reserved 1048576K
}
Event: 9.895 GC heap after
{Heap after GC invocations=4 (full 0):
 garbage-first heap   total 192512K, used 16117K [0x0000000744000000, 0x0000000800000000)
  region size 2048K, 3 young (6144K), 3 survivors (6144K)
 Metaspace       used 11446K, committed 11648K, reserved 1064960K
  class space    used 1531K, committed 1664K, reserved 1048576K
}
Event: 10.536 GC heap before
{Heap before GC invocations=4 (full 0):
 garbage-first heap   total 192512K, used 122613K [0x0000000744000000, 0x0000000800000000)
  region size 2048K, 56 young (114688K), 3 survivors (6144K)
 Metaspace       used 11446K, committed 11648K, reserved 1064960K
  class space    used 1531K, committed 1664K, reserved 1048576K
}
Event: 10.541 GC heap after
{Heap after GC invocations=5 (full 0):
 garbage-first heap   total 192512K, used 16360K [0x0000000744000000, 0x0000000800000000)
  region size 2048K, 3 young (6144K), 3 survivors (6144K)
 Metaspace       used 11446K, committed 11648K, reserved 1064960K
  class space    used 1531K, committed 1664K, reserved 1048576K
}
Event: 10.558 GC heap before
{Heap before GC invocations=5 (full 0):
 garbage-first heap   total 192512K, used 122856K [0x0000000744000000, 0x0000000800000000)
  region size 2048K, 56 young (114688K), 3 survivors (6144K)
 Metaspace       used 11446K, committed 11648K, reserved 1064960K
  class space    used 1531K, committed 1664K, reserved 1048576K
}
Event: 10.571 GC heap after
{Heap after GC invocations=6 (full 0):
 garbage-first heap   total 192512K, used 16397K [0x0000000744000000, 0x0000000800000000)
  region size 2048K, 3 young (6144K), 3 survivors (6144K)
 Metaspace       used 11446K, committed 11648K, reserved 1064960K
  class space    used 1531K, committed 1664K, reserved 1048576K
}
Event: 10.587 GC heap before
{Heap before GC invocations=6 (full 0):
 garbage-first heap   total 192512K, used 122893K [0x0000000744000000, 0x0000000800000000)
  region size 2048K, 56 young (114688K), 3 survivors (6144K)
 Metaspace       used 11446K, committed 11648K, reserved 1064960K
  class space    used 1531K, committed 1664K, reserved 1048576K
}
Event: 10.592 GC heap after
{Heap after GC invocations=7 (full 0):
 garbage-first heap   total 192512K, used 16854K [0x0000000744000000, 0x0000000800000000)
  region size 2048K, 4 young (8192K), 4 survivors (8192K)
 Metaspace       used 11446K, committed 11648K, reserved 1064960K
  class space    used 1531K, committed 1664K, reserved 1048576K
}
Event: 10.609 GC heap before
{Heap before GC invocations=7 (full 0):
 garbage-first heap   total 192512K, used 121302K [0x0000000744000000, 0x0000000800000000)
  region size 2048K, 56 young (114688K), 4 survivors (8192K)
 Metaspace       used 11446K, committed 11648K, reserved 1064960K
  class space    used 1531K, committed 1664K, reserved 1048576K
}
Event: 10.614 GC heap after
{Heap after GC invocations=8 (full 0):
 garbage-first heap   total 192512K, used 16853K [0x0000000744000000, 0x0000000800000000)
  region size 2048K, 4 young (8192K), 4 survivors (8192K)
 Metaspace       used 11446K, committed 11648K, reserved 1064960K
  class space    used 1531K, committed 1664K, reserved 1048576K
}
Event: 10.631 GC heap before
{Heap before GC invocations=8 (full 0):
 garbage-first heap   total 192512K, used 121301K [0x0000000744000000, 0x0000000800000000)
  region size 2048K, 56 young (114688K), 4 survivors (8192K)
 Metaspace       used 11446K, committed 11648K, reserved 1064960K
  class space    used 1531K, committed 1664K, reserved 1048576K
}
Event: 10.652 GC heap after
{Heap after GC invocations=9 (full 0):
 garbage-first heap   total 493568K, used 16709K [0x0000000744000000, 0x0000000800000000)
  region size 2048K, 3 young (6144K), 3 survivors (6144K)
 Metaspace       used 11446K, committed 11648K, reserved 1064960K
  class space    used 1531K, committed 1664K, reserved 1048576K
}
Event: 10.857 GC heap before
{Heap before GC invocations=9 (full 0):
 garbage-first heap   total 493568K, used 303429K [0x0000000744000000, 0x0000000800000000)
  region size 2048K, 144 young (294912K), 3 survivors (6144K)
 Metaspace       used 11446K, committed 11648K, reserved 1064960K
  class space    used 1531K, committed 1664K, reserved 1048576K
}
Event: 10.912 GC heap after
{Heap after GC invocations=10 (full 0):
 garbage-first heap   total 493568K, used 16651K [0x0000000744000000, 0x0000000800000000)
  region size 2048K, 3 young (6144K), 3 survivors (6144K)
 Metaspace       used 11446K, committed 11648K, reserved 1064960K
  class space    used 1531K, committed 1664K, reserved 1048576K
}
Event: 10.965 GC heap before
{Heap before GC invocations=10 (full 0):
 garbage-first heap   total 493568K, used 303371K [0x0000000744000000, 0x0000000800000000)
  region size 2048K, 144 young (294912K), 3 survivors (6144K)
 Metaspace       used 11446K, committed 11648K, reserved 1064960K
  class space    used 1531K, committed 1664K, reserved 1048576K
}
Event: 10.970 GC heap after
{Heap after GC invocations=11 (full 0):
 garbage-first heap   total 493568K, used 17897K [0x0000000744000000, 0x0000000800000000)
  region size 2048K, 4 young (8192K), 4 survivors (8192K)
 Metaspace       used 11446K, committed 11648K, reserved 1064960K
  class space    used 1531K, committed 1664K, reserved 1048576K
}
Event: 11.024 GC heap before
{Heap before GC invocations=11 (full 0):
 garbage-first heap   total 493568K, used 302569K [0x0000000744000000, 0x0000000800000000)
  region size 2048K, 144 young (294912K), 4 survivors (8192K)
 Metaspace       used 11446K, committed 11648K, reserved 1064960K
  class space    used 1531K, committed 1664K, reserved 1048576K
}
Event: 11.028 GC heap after
{Heap after GC invocations=12 (full 0):
 garbage-first heap   total 493568K, used 17193K [0x0000000744000000, 0x0000000800000000)
  region size 2048K, 4 young (8192K), 4 survivors (8192K)
 Metaspace       used 11446K, committed 11648K, reserved 1064960K
  class space    used 1531K, committed 1664K, reserved 1048576K
}
Event: 11.081 GC heap before
{Heap before GC invocations=12 (full 0):
 garbage-first heap   total 493568K, used 301865K [0x0000000744000000, 0x0000000800000000)
  region size 2048K, 144 young (294912K), 4 survivors (8192K)
 Metaspace       used 11446K, committed 11648K, reserved 1064960K
  class space    used 1531K, committed 1664K, reserved 1048576K
}

